1 Thu, 30 May 2019 09:00:54 +0000 Guest540 Guest540 est connect&eacute; et tente de s'enregistrer.
1 Thu, 30 May 2019 09:02:20 +0000 Guest672 Guest672 est connect&eacute; et tente de s'enregistrer.
1 Tue, 04 Jun 2019 06:40:13 +0000 Guest631 Guest631 est connect&eacute; et tente de s'enregistrer.
1 Tue, 04 Jun 2019 14:13:32 +0000 Guest621 Guest621 est connect&eacute; et tente de s'enregistrer.
1 Sun, 09 Jan 2000 01:34:13 +0000 Guest645 Guest645 est connect&eacute; et tente de s'enregistrer.
1 Mon, 10 Jan 2000 03:57:54 +0000 Guest622 Guest622 est connect&eacute; et tente de s'enregistrer.
1 Sat, 01 Jan 2000 03:28:22 +0000 Guest664 Guest664 est connect&eacute; et tente de s'enregistrer.
1 Sat, 01 Jan 2000 07:00:45 +0000 Guest665 Guest665 est connect&eacute; et tente de s'enregistrer.
1 Sat, 01 Jan 2000 07:01:19 +0000 Guest698 Guest698 est connect&eacute; et tente de s'enregistrer.
1 Sat, 01 Jan 2000 07:01:32 +0000 Guest460 Guest460 est connect&eacute; et tente de s'enregistrer.
1 Sat, 01 Jan 2000 07:10:31 +0000 Guest531 Guest531 est connect&eacute; et tente de s'enregistrer.
1 Sat, 01 Jan 2000 07:32:38 +0000 Guest602 Guest602 est connect&eacute; et tente de s'enregistrer.
1 Sat, 01 Jan 2000 07:52:14 +0000 Guest513 Guest513 est connect&eacute; et tente de s'enregistrer.
1 Sat, 01 Jan 2000 07:52:14 +0000 Guest506 Guest506 est connect&eacute; et tente de s'enregistrer.
1 Sat, 01 Jan 2000 07:53:30 +0000 Guest638 Guest638 est connect&eacute; et tente de s'enregistrer.
1 Sat, 01 Jan 2000 07:55:04 +0000 Guest493 Guest493 est connect&eacute; et tente de s'enregistrer.
1 Sat, 01 Jan 2000 09:28:26 +0000 Guest520 Guest520 est connect&eacute; et tente de s'enregistrer.
1 Sat, 01 Jan 2000 10:00:23 +0000 Guest573 Guest573 est connect&eacute; et tente de s'enregistrer.
1 Thu, 03 Oct 2019 18:15:38 +0000 Guest674 Guest674 est connect&eacute; et tente de s'enregistrer.
1 Thu, 03 Oct 2019 18:15:38 +0000 Guest503 Guest503 est connect&eacute; et tente de s'enregistrer.
